<?xml version="1.0" encoding="UTF-8"?>
<!-- Generated by org.testng.reporters.JUnitReportReporter -->
<testsuite name="MavenProj.homePage.TC_newUser" tests="4" time="31.707" ignored="0" failures="0" timestamp="04 Aug 2017 09:36:41 GMT" skipped="1" hostname="H5" errors="0">
  <testcase name="newUserRegistration" time="13.029" classname="MavenProj.homePage.TC_newUser"/>
  <testcase name="newUserRegistration" time="10.204" classname="MavenProj.homePage.TC_newUser"/>
  <testcase name="newUserRegistration" time="0.023" classname="MavenProj.homePage.TC_newUser">
    <skipped/>
  </testcase> <!-- newUserRegistration -->
  <testcase name="newUserRegistration" time="8.451" classname="MavenProj.homePage.TC_newUser"/>
</testsuite> <!-- MavenProj.homePage.TC_newUser -->
